[2025-07-12 15:24:40] INFO: ✅ MongoDB connected
[2025-07-12 15:24:40] INFO: 🚀 Server running on port 5000
[2025-07-12 15:26:11] INFO: ✅ MongoDB connected
[2025-07-12 15:26:11] INFO: 🚀 Server running on port 5000
[2025-07-12 15:27:03] INFO: [REGISTER] Attempt - name: undefined, email: kuku@gmail.com
[2025-07-12 15:27:04] INFO: [REGISTER] Berhasil - User terdaftar dengan email: kuku@gmail.com, id: 68721c5898923e9d13a0c4d3
[2025-07-12 15:27:10] INFO: [LOGIN] Attempt - email: kuku@gmail.com
[2025-07-12 15:27:10] INFO: [LOGIN] Berhasil - kuku@gmail.com (ID: 68721c5898923e9d13a0c4d3)
[2025-07-12 15:28:07] INFO: [CREATE] Transaksi ditambahkan oleh user 68721c5898923e9d13a0c4d3: {"userId":"68721c5898923e9d13a0c4d3","ticker":"BBCA","type":"buy","lot":100,"price":8700,"date":"2025-07-12T00:00:00.000Z","_id":"68721c9798923e9d13a0c4d6","__v":0}
[2025-07-12 15:28:37] INFO: [GET] 1 transaksi diambil oleh user 68721c5898923e9d13a0c4d3
[2025-07-12 15:33:21] INFO: [GET] 1 transaksi diambil oleh user 68721c5898923e9d13a0c4d3
[2025-07-12 15:33:42] INFO: 🔥 [UPDATE] Request body dari user 6872099db238c17861d173ca: {"ticker":"PTBA","type":"buy","lot":2,"price":2500,"date":"2025-07-12"}
[2025-07-12 15:33:42] ERROR: [UPDATE ERROR] Cast to ObjectId failed for value "68721c9798923e9d13a0c4d6\n" (type string) at path "_id" for model "Transaction"
[2025-07-12 15:33:59] INFO: 🔥 [UPDATE] Request body dari user 6872099db238c17861d173ca: {"ticker":"BBCA","type":"buy","lot":2,"price":8750,"date":"2025-07-12"}
[2025-07-12 15:33:59] ERROR: [UPDATE ERROR] Cast to ObjectId failed for value "68721c9798923e9d13a0c4d6\n" (type string) at path "_id" for model "Transaction"
[2025-07-12 15:34:07] INFO: 🔥 [UPDATE] Request body dari user 6872099db238c17861d173ca: {"ticker":"BBCA","type":"buy","lot":2,"price":8700,"date":"2025-07-12"}
[2025-07-12 15:34:07] ERROR: [UPDATE ERROR] Cast to ObjectId failed for value "68721c9798923e9d13a0c4d6\n" (type string) at path "_id" for model "Transaction"
[2025-07-12 15:34:10] INFO: [GET] 1 transaksi diambil oleh user 68721c5898923e9d13a0c4d3
[2025-07-12 15:34:42] INFO: 🔥 [UPDATE] Request body dari user 68721c5898923e9d13a0c4d3: {"ticker":"BBCA","type":"buy","lot":2,"price":8750,"date":"2025-07-12"}
[2025-07-12 15:34:42] ERROR: [UPDATE ERROR] Cast to ObjectId failed for value "68721c9798923e9d13a0c4d6\n" (type string) at path "_id" for model "Transaction"
[2025-07-12 15:34:49] INFO: 🔥 [UPDATE] Request body dari user 68721c5898923e9d13a0c4d3: {"ticker":"BBCA","type":"buy","lot":2,"price":8700,"date":"2025-07-12"}
[2025-07-12 15:34:49] ERROR: [UPDATE ERROR] Cast to ObjectId failed for value "68721c9798923e9d13a0c4d6\n" (type string) at path "_id" for model "Transaction"
[2025-07-12 15:35:48] INFO: 🔥 [UPDATE] Request body dari user 68721c5898923e9d13a0c4d3: {"ticker":"BBCA","type":"buy","lot":100,"price":8700,"date":"2025-07-12"}
[2025-07-12 15:35:48] ERROR: [UPDATE ERROR] Cast to ObjectId failed for value "68721c9798923e9d13a0c4d6\n" (type string) at path "_id" for model "Transaction"
[2025-07-12 15:36:16] INFO: 🔥 [UPDATE] Request body dari user 68721c5898923e9d13a0c4d3: {"ticker":"BBCA","type":"buy","lot":100,"price":8700,"date":"2025-07-12"}
[2025-07-12 15:36:16] ERROR: [UPDATE ERROR] Cast to ObjectId failed for value "68721c9798923e9d13a0c4d6\n" (type string) at path "_id" for model "Transaction"
[2025-07-12 15:36:30] INFO: 🔥 [UPDATE] Request body dari user 68721c5898923e9d13a0c4d3: {"ticker":"BBCA","type":"buy","lot":100,"price":8700,"date":"2025-07-12"}
[2025-07-12 15:36:30] ERROR: [UPDATE ERROR] Cast to ObjectId failed for value "68721c5898923e9d13a0c4d3\n" (type string) at path "_id" for model "Transaction"
[2025-07-12 15:39:56] INFO: ✅ MongoDB connected
[2025-07-12 15:39:56] INFO: 🚀 Server running on port 5000
[2025-07-12 15:40:05] INFO: 🔥 [UPDATE] Request body dari user 68721c5898923e9d13a0c4d3: {"ticker":"BBCA","type":"buy","lot":100,"price":8700,"date":"2025-07-12"}
[2025-07-12 15:40:05] WARN: [UPDATE] Transaksi dengan ID 68721c5898923e9d13a0c4d3 tidak ditemukan untuk user 68721c5898923e9d13a0c4d3
[2025-07-12 15:40:17] INFO: 🔥 [UPDATE] Request body dari user 68721c5898923e9d13a0c4d3: {"ticker":"BBCA","type":"buy","lot":100,"price":8700,"date":"2025-07-12"}
[2025-07-12 15:40:17] INFO: [UPDATE] Transaksi 68721c9798923e9d13a0c4d6 diubah oleh user 68721c5898923e9d13a0c4d3: {"_id":"68721c9798923e9d13a0c4d6","userId":"68721c5898923e9d13a0c4d3","ticker":"BBCA","type":"buy","lot":100,"price":8700,"date":"2025-07-12T00:00:00.000Z","__v":0}
[2025-07-12 15:40:25] INFO: 🔥 [UPDATE] Request body dari user 68721c5898923e9d13a0c4d3: {"ticker":"BBCA","type":"buy","lot":1,"price":8700,"date":"2025-07-12"}
[2025-07-12 15:40:25] INFO: [UPDATE] Transaksi 68721c9798923e9d13a0c4d6 diubah oleh user 68721c5898923e9d13a0c4d3: {"_id":"68721c9798923e9d13a0c4d6","userId":"68721c5898923e9d13a0c4d3","ticker":"BBCA","type":"buy","lot":1,"price":8700,"date":"2025-07-12T00:00:00.000Z","__v":0}
[2025-07-12 15:40:29] INFO: [GET] 1 transaksi diambil oleh user 68721c5898923e9d13a0c4d3
[2025-07-12 15:40:37] INFO: ✅ MongoDB connected
[2025-07-12 15:40:37] INFO: 🚀 Server running on port 5000
