[2025-07-14 10:50:54] INFO: ✅ MongoDB connected
[2025-07-14 10:50:54] INFO: 🚀 Server running on port 5000
[2025-07-14 15:09:24] INFO: ✅ MongoDB connected
[2025-07-14 15:09:24] INFO: 🚀 Server running on port 5000
[2025-07-14 15:13:04] INFO: [LOGIN] Attempt - email: kuku@gmail.com
[2025-07-14 15:13:04] INFO: [LOGIN] Berhasil - kuku@gmail.com (ID: 68721c5898923e9d13a0c4d3)
[2025-07-14 15:13:20] INFO: [GET] 1 transaksi diambil oleh user 68721c5898923e9d13a0c4d3
[2025-07-14 15:19:05] INFO: [DELETE] Transaksi 68721c9798923e9d13a0c4d6 dihapus oleh user 68721c5898923e9d13a0c4d3
[2025-07-14 15:19:14] INFO: [GET] 0 transaksi diambil oleh user 68721c5898923e9d13a0c4d3
[2025-07-14 15:22:19] INFO: ✅ MongoDB connected
[2025-07-14 15:22:19] INFO: 🚀 Server running on port 5000
[2025-07-14 15:28:21] INFO: ✅ MongoDB connected
[2025-07-14 15:28:21] INFO: 🚀 Server running on port 5000
[2025-07-14 15:28:27] INFO: [REGISTER] Attempt - name: undefined, email: glen@gmail.com
[2025-07-14 15:28:27] INFO: [REGISTER] Berhasil - User terdaftar dengan email: glen@gmail.com, id: 6874bfabb02bf7b07e9c14c6
[2025-07-14 15:28:42] INFO: [LOGIN] Attempt - email: glen@gmail.com
[2025-07-14 15:28:42] INFO: [LOGIN] Berhasil - glen@gmail.com (ID: 6874bfabb02bf7b07e9c14c6)
[2025-07-14 15:29:53] INFO: [CREATE] Transaksi ditambahkan oleh user 6874bfabb02bf7b07e9c14c6: {"userId":"6874bfabb02bf7b07e9c14c6","ticker":"CDIA","type":"buy","lot":9000,"price":500,"date":"2025-07-14T00:00:00.000Z","_id":"6874c001b02bf7b07e9c14c9","__v":0}
[2025-07-14 15:30:16] INFO: [GET] 1 transaksi diambil oleh user 6874bfabb02bf7b07e9c14c6
[2025-07-14 15:30:51] INFO: [CREATE] Transaksi ditambahkan oleh user 6874bfabb02bf7b07e9c14c6: {"userId":"6874bfabb02bf7b07e9c14c6","ticker":"CUAN","type":"buy","lot":919,"price":17400,"date":"2025-07-14T00:00:00.000Z","_id":"6874c03bb02bf7b07e9c14cc","__v":0}
[2025-07-14 15:30:54] INFO: [GET] 2 transaksi diambil oleh user 6874bfabb02bf7b07e9c14c6
[2025-07-14 15:31:23] WARN: [DELETE] Gagal - ID 6874c03bb02bf7b07e9c14cc tidak ditemukan untuk user 68721c5898923e9d13a0c4d3
[2025-07-14 15:31:38] WARN: [DELETE] Gagal - ID 6874c03bb02bf7b07e9c14cc tidak ditemukan untuk user 68721c5898923e9d13a0c4d3
[2025-07-14 15:32:39] INFO: [DELETE] Transaksi 6874c03bb02bf7b07e9c14cc dihapus oleh user 6874bfabb02bf7b07e9c14c6
[2025-07-14 15:32:45] INFO: [GET] 1 transaksi diambil oleh user 6874bfabb02bf7b07e9c14c6
[2025-07-14 15:48:04] INFO: [GET] 1 transaksi diambil oleh user 6874bfabb02bf7b07e9c14c6
[2025-07-14 16:05:22] INFO: ✅ MongoDB connected
[2025-07-14 16:05:22] INFO: 🚀 Server running on port 5000
[2025-07-14 16:07:26] INFO: [CREATE] Transaksi ditambahkan oleh user 6874bfabb02bf7b07e9c14c6: {"userId":"6874bfabb02bf7b07e9c14c6","ticker":"CUAN","type":"buy","lot":919,"price":17400,"date":"2025-07-14T00:00:00.000Z","_id":"6874c8cec5638dd11ba7c528","__v":0}
[2025-07-14 16:07:31] INFO: [GET] 2 transaksi diambil oleh user 6874bfabb02bf7b07e9c14c6
[2025-07-14 16:07:47] INFO: [CREATE] Transaksi ditambahkan oleh user 6874bfabb02bf7b07e9c14c6: {"userId":"6874bfabb02bf7b07e9c14c6","ticker":"CUAN","type":"buy","lot":10,"price":17400,"date":"2025-07-14T00:00:00.000Z","_id":"6874c8e3c5638dd11ba7c52c","__v":0}
[2025-07-14 16:07:51] INFO: [GET] 3 transaksi diambil oleh user 6874bfabb02bf7b07e9c14c6
[2025-07-14 16:08:18] INFO: [CREATE] Transaksi ditambahkan oleh user 6874bfabb02bf7b07e9c14c6: {"userId":"6874bfabb02bf7b07e9c14c6","ticker":"CUAN","type":"buy","lot":5,"price":17400,"date":"2025-07-14T00:00:00.000Z","_id":"6874c902c5638dd11ba7c530","__v":0}
[2025-07-14 16:08:22] INFO: [GET] 4 transaksi diambil oleh user 6874bfabb02bf7b07e9c14c6
[2025-07-14 16:08:47] INFO: [CREATE] Transaksi ditambahkan oleh user 6874bfabb02bf7b07e9c14c6: {"userId":"6874bfabb02bf7b07e9c14c6","ticker":"CUAN","type":"buy","lot":5000,"price":400,"date":"2025-07-14T00:00:00.000Z","_id":"6874c91fc5638dd11ba7c534","__v":0}
[2025-07-14 16:08:52] INFO: [GET] 5 transaksi diambil oleh user 6874bfabb02bf7b07e9c14c6
[2025-07-14 16:09:43] INFO: [CREATE] Transaksi ditambahkan oleh user 6874bfabb02bf7b07e9c14c6: {"userId":"6874bfabb02bf7b07e9c14c6","ticker":"CUAN","type":"buy","lot":-5000,"price":400,"date":"2025-07-14T00:00:00.000Z","_id":"6874c957c5638dd11ba7c539","__v":0}
[2025-07-14 16:10:05] INFO: [CREATE] Transaksi ditambahkan oleh user 6874bfabb02bf7b07e9c14c6: {"userId":"6874bfabb02bf7b07e9c14c6","ticker":"CUAN","type":"buy","lot":-34,"price":400,"date":"2025-07-14T00:00:00.000Z","_id":"6874c96dc5638dd11ba7c53c","__v":0}
[2025-07-14 16:13:49] INFO: ✅ MongoDB connected
[2025-07-14 16:13:49] INFO: 🚀 Server running on port 5000
[2025-07-14 16:13:54] INFO: [SUMMARY] Ringkasan portofolio diambil oleh user 6874bfabb02bf7b07e9c14c6
[2025-07-14 16:27:09] INFO: ✅ MongoDB connected
[2025-07-14 16:27:09] INFO: 🚀 Server running on port 5000
[2025-07-14 16:33:52] INFO: ✅ MongoDB connected
[2025-07-14 16:33:52] INFO: 🚀 Server running on port 5000
[2025-07-14 16:35:02] INFO: [PORTFOLIO SUMMARY] Diambil oleh user 6874bfabb02bf7b07e9c14c6
[2025-07-14 16:35:53] INFO: [TRANSACTION STATS] Statistik transaksi user 6874bfabb02bf7b07e9c14c6
[2025-07-16 10:26:35] INFO: ✅ MongoDB connected
[2025-07-16 10:26:35] INFO: 🚀 Server running on port 5000
[2025-07-16 10:34:54] INFO: ✅ MongoDB connected
[2025-07-16 10:34:54] INFO: 🚀 Server running on port 5000
[2025-07-16 10:36:36] INFO: ✅ MongoDB connected
[2025-07-16 10:36:36] INFO: 🚀 Server running on port 5000
[2025-07-16 10:37:40] INFO: ✅ MongoDB connected
[2025-07-16 10:37:40] INFO: 🚀 Server running on port 5000
[2025-07-16 10:43:49] INFO: ✅ MongoDB connected
[2025-07-16 10:43:49] INFO: 🚀 Server running on port 5000
[2025-07-16 10:46:57] INFO: ✅ MongoDB connected
[2025-07-16 10:46:57] INFO: 🚀 Server running on port 5000
[2025-07-16 10:48:36] INFO: 📘 Swagger UI tersedia di /api-docs (dev only)
[2025-07-16 10:48:36] INFO: ✅ MongoDB connected
[2025-07-16 10:48:36] INFO: 🚀 Server running on port 5000
[2025-07-16 10:50:35] INFO: 📘 Swagger UI available at /api-docs
[2025-07-16 10:50:35] INFO: ✅ MongoDB connected
[2025-07-16 10:50:35] INFO: 🚀 Server running on http://localhost:5000
[2025-07-16 10:56:29] INFO: 📘 Swagger UI available at /api-docs
[2025-07-16 10:56:29] INFO: ✅ MongoDB connected
[2025-07-16 10:56:29] INFO: 🚀 Server running on http://localhost:5000
[2025-07-16 10:56:45] INFO: 📘 Swagger UI available at /api-docs
[2025-07-16 10:56:45] INFO: ✅ MongoDB connected
[2025-07-16 10:56:45] INFO: 🚀 Server running on http://localhost:5000
[2025-07-16 10:56:48] INFO: 📘 Swagger UI available at /api-docs
[2025-07-16 10:56:48] INFO: ✅ MongoDB connected
[2025-07-16 10:56:48] INFO: 🚀 Server running on http://localhost:5000
[2025-07-16 10:57:45] INFO: 📘 Swagger UI available at /api-docs
[2025-07-16 10:57:45] INFO: ✅ MongoDB connected
[2025-07-16 10:57:45] INFO: 🚀 Server running on http://localhost:5000
[2025-07-16 11:00:48] INFO: 📘 Swagger UI available at /api-docs
[2025-07-16 11:00:49] INFO: ✅ MongoDB connected
[2025-07-16 11:00:49] INFO: 🚀 Server running on http://localhost:5000
[2025-07-16 11:00:52] INFO: 📘 Swagger UI available at /api-docs
[2025-07-16 11:00:52] INFO: ✅ MongoDB connected
[2025-07-16 11:00:52] INFO: 🚀 Server running on http://localhost:5000
[2025-07-16 11:01:25] INFO: 📘 Swagger UI available at /api-docs
[2025-07-16 11:01:25] INFO: ✅ MongoDB connected
[2025-07-16 11:01:25] INFO: 🚀 Server running on http://localhost:5000
[2025-07-16 11:01:34] INFO: 📘 Swagger UI available at /api-docs
[2025-07-16 11:01:34] INFO: ✅ MongoDB connected
[2025-07-16 11:01:34] INFO: 🚀 Server running on http://localhost:5000
[2025-07-16 11:02:39] INFO: 📘 Swagger UI available at /api-docs
[2025-07-16 11:02:39] INFO: ✅ MongoDB connected
[2025-07-16 11:02:40] INFO: 🚀 Server running on http://localhost:5000
